<?xml version="1.0" encoding="UTF-8"?>
<testng-results ignored="0" total="1" passed="1" failed="0" skipped="0">
  <reporter-output>
  </reporter-output>
  <suite started-at="2018-11-26T11:31:00Z" name="TestAli2" finished-at="2018-11-26T11:32:04Z" duration-ms="63244">
    <groups>
    </groups>
    <test started-at="2018-11-26T11:31:00Z" name="TestAli2" finished-at="2018-11-26T11:32:04Z" duration-ms="63244">
      <class name="TestAli2">
        <test-method is-config="true" signature="LaunchBrowser(java.lang.String)[pri:0, instance:TestAli2@1ef6d34c]" started-at="2018-11-26T11:31:00Z" name="LaunchBrowser" finished-at="2018-11-26T11:31:08Z" duration-ms="7153" status="PASS">
          <params>
            <param index="0">
              <value>
                <![CDATA[chrome]]>
              </value>
            </param>
          </params>
          <reporter-output>
          </reporter-output>
        </test-method> <!-- LaunchBrowser -->
        <test-method is-config="true" signature="beforeClass(org.testng.ITestContext)[pri:0, instance:TestAli2@1ef6d34c]" started-at="2018-11-26T11:31:08Z" name="beforeClass" finished-at="2018-11-26T11:31:08Z" duration-ms="188" status="PASS">
          <params>
            <param index="0">
              <value>
                <![CDATA[org.testng.TestRunner@6f044c58]]>
              </value>
            </param>
          </params>
          <reporter-output>
          </reporter-output>
        </test-method> <!-- beforeClass -->
        <test-method is-config="true" signature="setup(java.lang.reflect.Method)[pri:0, instance:TestAli2@1ef6d34c]" started-at="2018-11-26T11:31:08Z" name="setup" finished-at="2018-11-26T11:31:08Z" duration-ms="14" status="PASS">
          <params>
            <param index="0">
              <value>
                <![CDATA[private void TestAli2.findElementAfterWait()]]>
              </value>
            </param>
          </params>
          <reporter-output>
          </reporter-output>
        </test-method> <!-- setup -->
        <test-method signature="findElementAfterWait()[pri:0, instance:TestAli2@1ef6d34c]" started-at="2018-11-26T11:31:08Z" name="findElementAfterWait" finished-at="2018-11-26T11:32:01Z" duration-ms="53362" status="PASS">
          <reporter-output>
          </reporter-output>
        </test-method> <!-- findElementAfterWait -->
        <test-method is-config="true" signature="tearDown()[pri:0, instance:TestAli2@1ef6d34c]" started-at="2018-11-26T11:32:01Z" name="tearDown" finished-at="2018-11-26T11:32:04Z" duration-ms="2298" status="PASS">
          <reporter-output>
          </reporter-output>
        </test-method> <!-- tearDown -->
      </class> <!-- TestAli2 -->
    </test> <!-- TestAli2 -->
  </suite> <!-- TestAli2 -->
</testng-results>
